2024-12-27 10:21:23,432 - DealSizePredictor - INFO - Data preparation completed successfully
2024-12-27 10:21:23,476 - DealSizePredictor - ERROR - Error in model training: The filepath provided must end in `.keras` (Keras model format). Received: filepath=models/best_model.h5
2024-12-27 10:23:38,027 - DealSizePredictor - INFO - Data preparation completed successfully
2024-12-27 10:23:39,900 - DealSizePredictor - ERROR - Error saving model: Object of type int64 is not JSON serializable
2024-12-27 10:24:57,780 - DealSizePredictor - INFO - Data preparation completed successfully
2024-12-27 10:24:59,841 - DealSizePredictor - INFO - Model saved successfully to production_model
2024-12-27 10:25:54,749 - DealSizePredictor - INFO - Data preparation completed successfully
2024-12-27 10:26:39,664 - DealSizePredictor - INFO - Data preparation completed successfully
2024-12-27 10:26:43,818 - DealSizePredictor - INFO - Model saved successfully to production_model
2024-12-27 10:55:22,540 - DealSizePredictor - INFO - Model loaded successfully from production_model
2024-12-27 11:10:20,101 - DealSizePredictor - INFO - Model loaded successfully from production_model
2024-12-27 11:12:48,954 - DealSizePredictor - INFO - Model loaded successfully from production_model
2024-12-27 11:13:12,134 - DealSizePredictor - INFO - Model loaded successfully from production_model
2024-12-27 11:14:07,458 - DealSizePredictor - INFO - Model loaded successfully from production_model
2024-12-27 11:20:09,238 - DealSizePredictor - INFO - Model loaded successfully from production_model
2024-12-27 11:20:22,258 - DealSizePredictor - INFO - Model loaded successfully from production_model
2024-12-27 11:21:14,805 - DealSizePredictor - INFO - Model loaded successfully from production_model
2024-12-27 11:30:28,893 - DealSizePredictor - INFO - Model loaded successfully from production_model
2024-12-27 12:02:01,715 - DealSizePredictor - INFO - Model loaded successfully from production_model
2024-12-27 12:04:35,381 - DealSizePredictor - INFO - Model loaded successfully from production_model
2024-12-27 12:04:37,506 - DealSizePredictor - INFO - Model loaded successfully from production_model
2024-12-27 12:04:37,506 - DealSizePredictor - INFO - Model loaded successfully from production_model
2024-12-27 12:05:31,556 - DealSizePredictor - INFO - Model loaded successfully from production_model
2024-12-27 12:06:06,465 - DealSizePredictor - INFO - Model loaded successfully from production_model
2024-12-27 12:06:49,440 - DealSizePredictor - INFO - Model loaded successfully from production_model
2024-12-27 12:06:49,499 - DealSizePredictor - INFO - Model loaded successfully from production_model
2024-12-27 12:06:49,499 - DealSizePredictor - INFO - Model loaded successfully from production_model
2024-12-27 13:22:22,439 - DealSizePredictor - INFO - Model loaded successfully from production_model
2025-01-02 09:38:40,586 - DealSizePredictor - INFO - Model loaded successfully from production_model
2025-01-02 09:41:39,508 - DealSizePredictor - INFO - Model loaded successfully from production_model
2025-01-02 09:42:42,576 - DealSizePredictor - INFO - Model loaded successfully from production_model
2025-01-02 09:54:26,925 - DealSizePredictor - INFO - Model loaded successfully from production_model
2025-01-02 09:57:09,282 - DealSizePredictor - INFO - Model loaded successfully from production_model
2025-01-02 09:58:41,423 - DealSizePredictor - INFO - Model loaded successfully from production_model
2025-01-02 10:02:14,843 - DealSizePredictor - INFO - Model loaded successfully from production_model
2025-01-02 10:07:05,748 - DealSizePredictor - INFO - Model loaded successfully from production_model
2025-01-02 10:07:21,525 - DealSizePredictor - INFO - Model loaded successfully from production_model
2025-01-02 10:07:21,525 - DealSizePredictor - INFO - Model loaded successfully from production_model
2025-01-02 10:07:31,636 - DealSizePredictor - INFO - Model loaded successfully from production_model
2025-01-02 10:07:31,636 - DealSizePredictor - INFO - Model loaded successfully from production_model
2025-01-02 10:07:31,636 - DealSizePredictor - INFO - Model loaded successfully from production_model
2025-01-02 10:07:55,244 - DealSizePredictor - INFO - Model loaded successfully from production_model
2025-01-02 10:07:55,244 - DealSizePredictor - INFO - Model loaded successfully from production_model
2025-01-02 10:07:55,244 - DealSizePredictor - INFO - Model loaded successfully from production_model
2025-01-02 10:07:55,244 - DealSizePredictor - INFO - Model loaded successfully from production_model
2025-01-02 10:13:37,961 - DealSizePredictor - INFO - Model loaded successfully from production_model
2025-01-02 10:13:49,518 - DealSizePredictor - INFO - Model loaded successfully from production_model
2025-01-02 10:13:49,518 - DealSizePredictor - INFO - Model loaded successfully from production_model
2025-01-02 10:14:01,188 - DealSizePredictor - INFO - Model loaded successfully from production_model
2025-01-02 10:14:01,188 - DealSizePredictor - INFO - Model loaded successfully from production_model
2025-01-02 10:14:01,188 - DealSizePredictor - INFO - Model loaded successfully from production_model
2025-01-02 10:14:16,706 - DealSizePredictor - INFO - Model loaded successfully from production_model
2025-01-02 10:14:16,706 - DealSizePredictor - INFO - Model loaded successfully from production_model
2025-01-02 10:14:16,706 - DealSizePredictor - INFO - Model loaded successfully from production_model
2025-01-02 10:14:16,706 - DealSizePredictor - INFO - Model loaded successfully from production_model
2025-01-02 10:14:24,099 - DealSizePredictor - INFO - Model loaded successfully from production_model
2025-01-02 10:14:24,099 - DealSizePredictor - INFO - Model loaded successfully from production_model
2025-01-02 10:14:24,099 - DealSizePredictor - INFO - Model loaded successfully from production_model
2025-01-02 10:14:24,099 - DealSizePredictor - INFO - Model loaded successfully from production_model
2025-01-02 10:14:24,099 - DealSizePredictor - INFO - Model loaded successfully from production_model
2025-01-02 10:14:36,350 - DealSizePredictor - INFO - Model loaded successfully from production_model
2025-01-02 10:14:36,350 - DealSizePredictor - INFO - Model loaded successfully from production_model
2025-01-02 10:14:36,350 - DealSizePredictor - INFO - Model loaded successfully from production_model
2025-01-02 10:14:36,350 - DealSizePredictor - INFO - Model loaded successfully from production_model
2025-01-02 10:14:36,350 - DealSizePredictor - INFO - Model loaded successfully from production_model
2025-01-02 10:14:36,350 - DealSizePredictor - INFO - Model loaded successfully from production_model
2025-01-02 10:14:43,143 - DealSizePredictor - INFO - Model loaded successfully from production_model
2025-01-02 10:14:43,143 - DealSizePredictor - INFO - Model loaded successfully from production_model
2025-01-02 10:14:43,143 - DealSizePredictor - INFO - Model loaded successfully from production_model
2025-01-02 10:14:43,143 - DealSizePredictor - INFO - Model loaded successfully from production_model
2025-01-02 10:14:43,143 - DealSizePredictor - INFO - Model loaded successfully from production_model
2025-01-02 10:14:43,143 - DealSizePredictor - INFO - Model loaded successfully from production_model
2025-01-02 10:14:43,143 - DealSizePredictor - INFO - Model loaded successfully from production_model
2025-01-02 10:14:49,011 - DealSizePredictor - INFO - Model loaded successfully from production_model
2025-01-02 10:14:49,011 - DealSizePredictor - INFO - Model loaded successfully from production_model
2025-01-02 10:14:49,011 - DealSizePredictor - INFO - Model loaded successfully from production_model
2025-01-02 10:14:49,011 - DealSizePredictor - INFO - Model loaded successfully from production_model
2025-01-02 10:14:49,011 - DealSizePredictor - INFO - Model loaded successfully from production_model
2025-01-02 10:14:49,011 - DealSizePredictor - INFO - Model loaded successfully from production_model
2025-01-02 10:14:49,011 - DealSizePredictor - INFO - Model loaded successfully from production_model
2025-01-02 10:14:49,011 - DealSizePredictor - INFO - Model loaded successfully from production_model
2025-01-02 10:14:57,788 - DealSizePredictor - INFO - Model loaded successfully from production_model
2025-01-02 10:14:57,788 - DealSizePredictor - INFO - Model loaded successfully from production_model
2025-01-02 10:14:57,788 - DealSizePredictor - INFO - Model loaded successfully from production_model
2025-01-02 10:14:57,788 - DealSizePredictor - INFO - Model loaded successfully from production_model
2025-01-02 10:14:57,788 - DealSizePredictor - INFO - Model loaded successfully from production_model
2025-01-02 10:14:57,788 - DealSizePredictor - INFO - Model loaded successfully from production_model
2025-01-02 10:14:57,788 - DealSizePredictor - INFO - Model loaded successfully from production_model
2025-01-02 10:14:57,788 - DealSizePredictor - INFO - Model loaded successfully from production_model
2025-01-02 10:14:57,788 - DealSizePredictor - INFO - Model loaded successfully from production_model
2025-01-02 10:15:05,873 - DealSizePredictor - INFO - Model loaded successfully from production_model
2025-01-02 10:15:05,873 - DealSizePredictor - INFO - Model loaded successfully from production_model
2025-01-02 10:15:05,873 - DealSizePredictor - INFO - Model loaded successfully from production_model
2025-01-02 10:15:05,873 - DealSizePredictor - INFO - Model loaded successfully from production_model
2025-01-02 10:15:05,873 - DealSizePredictor - INFO - Model loaded successfully from production_model
2025-01-02 10:15:05,873 - DealSizePredictor - INFO - Model loaded successfully from production_model
2025-01-02 10:15:05,873 - DealSizePredictor - INFO - Model loaded successfully from production_model
2025-01-02 10:15:05,873 - DealSizePredictor - INFO - Model loaded successfully from production_model
2025-01-02 10:15:05,873 - DealSizePredictor - INFO - Model loaded successfully from production_model
2025-01-02 10:15:05,873 - DealSizePredictor - INFO - Model loaded successfully from production_model
2025-01-02 10:15:23,724 - DealSizePredictor - INFO - Model loaded successfully from production_model
2025-01-02 10:15:23,724 - DealSizePredictor - INFO - Model loaded successfully from production_model
2025-01-02 10:15:23,724 - DealSizePredictor - INFO - Model loaded successfully from production_model
2025-01-02 10:15:23,724 - DealSizePredictor - INFO - Model loaded successfully from production_model
2025-01-02 10:15:23,724 - DealSizePredictor - INFO - Model loaded successfully from production_model
2025-01-02 10:15:23,724 - DealSizePredictor - INFO - Model loaded successfully from production_model
2025-01-02 10:15:23,724 - DealSizePredictor - INFO - Model loaded successfully from production_model
2025-01-02 10:15:23,724 - DealSizePredictor - INFO - Model loaded successfully from production_model
2025-01-02 10:15:23,724 - DealSizePredictor - INFO - Model loaded successfully from production_model
2025-01-02 10:15:23,724 - DealSizePredictor - INFO - Model loaded successfully from production_model
2025-01-02 10:15:23,724 - DealSizePredictor - INFO - Model loaded successfully from production_model
2025-01-02 10:15:37,680 - DealSizePredictor - INFO - Model loaded successfully from production_model
2025-01-02 10:15:37,680 - DealSizePredictor - INFO - Model loaded successfully from production_model
2025-01-02 10:15:37,680 - DealSizePredictor - INFO - Model loaded successfully from production_model
2025-01-02 10:15:37,680 - DealSizePredictor - INFO - Model loaded successfully from production_model
2025-01-02 10:15:37,680 - DealSizePredictor - INFO - Model loaded successfully from production_model
2025-01-02 10:15:37,680 - DealSizePredictor - INFO - Model loaded successfully from production_model
2025-01-02 10:15:37,680 - DealSizePredictor - INFO - Model loaded successfully from production_model
2025-01-02 10:15:37,680 - DealSizePredictor - INFO - Model loaded successfully from production_model
2025-01-02 10:15:37,680 - DealSizePredictor - INFO - Model loaded successfully from production_model
2025-01-02 10:15:37,680 - DealSizePredictor - INFO - Model loaded successfully from production_model
2025-01-02 10:15:37,680 - DealSizePredictor - INFO - Model loaded successfully from production_model
2025-01-02 10:15:37,680 - DealSizePredictor - INFO - Model loaded successfully from production_model
2025-01-02 10:15:49,556 - DealSizePredictor - INFO - Model loaded successfully from production_model
2025-01-02 10:15:49,556 - DealSizePredictor - INFO - Model loaded successfully from production_model
2025-01-02 10:15:49,556 - DealSizePredictor - INFO - Model loaded successfully from production_model
2025-01-02 10:15:49,556 - DealSizePredictor - INFO - Model loaded successfully from production_model
2025-01-02 10:15:49,556 - DealSizePredictor - INFO - Model loaded successfully from production_model
2025-01-02 10:15:49,556 - DealSizePredictor - INFO - Model loaded successfully from production_model
2025-01-02 10:15:49,556 - DealSizePredictor - INFO - Model loaded successfully from production_model
2025-01-02 10:15:49,556 - DealSizePredictor - INFO - Model loaded successfully from production_model
2025-01-02 10:15:49,556 - DealSizePredictor - INFO - Model loaded successfully from production_model
2025-01-02 10:15:49,556 - DealSizePredictor - INFO - Model loaded successfully from production_model
2025-01-02 10:15:49,556 - DealSizePredictor - INFO - Model loaded successfully from production_model
2025-01-02 10:15:49,556 - DealSizePredictor - INFO - Model loaded successfully from production_model
2025-01-02 10:15:49,556 - DealSizePredictor - INFO - Model loaded successfully from production_model
2025-01-02 10:26:38,024 - DealSizePredictor - INFO - Model loaded successfully from production_model
2025-01-02 10:37:07,820 - DealSizePredictor - INFO - Model loaded successfully from production_model
2025-01-02 10:38:34,804 - DealSizePredictor - INFO - Model loaded successfully from production_model
2025-01-03 12:52:51,376 - DealSizePredictor - INFO - Model loaded successfully from production_model
2025-01-03 13:51:39,999 - DealSizePredictor - INFO - Model loaded successfully from production_model
2025-01-03 14:34:45,073 - DealSizePredictor - INFO - Model loaded successfully from production_model
2025-01-03 14:37:44,543 - DealSizePredictor - INFO - Model loaded successfully from production_model
2025-01-03 14:37:44,543 - DealSizePredictor - INFO - Model loaded successfully from production_model
2025-01-03 14:38:56,556 - DealSizePredictor - INFO - Model loaded successfully from production_model
2025-01-03 17:11:37,862 - DealSizePredictor - INFO - Model loaded successfully from production_model
2025-01-03 17:13:35,413 - DealSizePredictor - INFO - Model loaded successfully from production_model
2025-01-03 17:13:35,413 - DealSizePredictor - INFO - Model loaded successfully from production_model
2025-01-03 17:13:52,527 - DealSizePredictor - INFO - Model loaded successfully from production_model
2025-01-03 17:13:52,527 - DealSizePredictor - INFO - Model loaded successfully from production_model
2025-01-03 17:13:52,527 - DealSizePredictor - INFO - Model loaded successfully from production_model
2025-01-03 17:13:59,863 - DealSizePredictor - INFO - Model loaded successfully from production_model
2025-01-03 17:13:59,863 - DealSizePredictor - INFO - Model loaded successfully from production_model
2025-01-03 17:13:59,863 - DealSizePredictor - INFO - Model loaded successfully from production_model
2025-01-03 17:13:59,863 - DealSizePredictor - INFO - Model loaded successfully from production_model
2025-01-03 17:16:21,721 - DealSizePredictor - INFO - Model loaded successfully from production_model
2025-01-03 17:16:21,721 - DealSizePredictor - INFO - Model loaded successfully from production_model
2025-01-03 17:16:21,721 - DealSizePredictor - INFO - Model loaded successfully from production_model
2025-01-03 17:16:21,721 - DealSizePredictor - INFO - Model loaded successfully from production_model
2025-01-03 17:16:21,721 - DealSizePredictor - INFO - Model loaded successfully from production_model
2025-01-03 17:16:30,514 - DealSizePredictor - INFO - Model loaded successfully from production_model
2025-01-03 17:16:30,514 - DealSizePredictor - INFO - Model loaded successfully from production_model
2025-01-03 17:16:30,514 - DealSizePredictor - INFO - Model loaded successfully from production_model
2025-01-03 17:16:30,514 - DealSizePredictor - INFO - Model loaded successfully from production_model
2025-01-03 17:16:30,514 - DealSizePredictor - INFO - Model loaded successfully from production_model
2025-01-03 17:16:30,514 - DealSizePredictor - INFO - Model loaded successfully from production_model
2025-01-03 17:16:48,502 - DealSizePredictor - INFO - Model loaded successfully from production_model
2025-01-03 17:16:48,502 - DealSizePredictor - INFO - Model loaded successfully from production_model
2025-01-03 17:16:48,502 - DealSizePredictor - INFO - Model loaded successfully from production_model
2025-01-03 17:16:48,502 - DealSizePredictor - INFO - Model loaded successfully from production_model
2025-01-03 17:16:48,502 - DealSizePredictor - INFO - Model loaded successfully from production_model
2025-01-03 17:16:48,502 - DealSizePredictor - INFO - Model loaded successfully from production_model
2025-01-03 17:16:48,502 - DealSizePredictor - INFO - Model loaded successfully from production_model
2025-01-03 17:25:30,072 - DealSizePredictor - INFO - Model loaded successfully from production_model
2025-01-03 17:25:30,072 - DealSizePredictor - INFO - Model loaded successfully from production_model
2025-01-03 17:25:30,072 - DealSizePredictor - INFO - Model loaded successfully from production_model
2025-01-03 17:25:30,072 - DealSizePredictor - INFO - Model loaded successfully from production_model
2025-01-03 17:25:30,072 - DealSizePredictor - INFO - Model loaded successfully from production_model
2025-01-03 17:25:30,072 - DealSizePredictor - INFO - Model loaded successfully from production_model
2025-01-03 17:25:30,072 - DealSizePredictor - INFO - Model loaded successfully from production_model
2025-01-03 17:25:30,072 - DealSizePredictor - INFO - Model loaded successfully from production_model
